<?xml version="1.0" encoding="utf-8" standalone="no"?>
<!--This file represents the results of running a test suite-->
<test-results name="D:\Dev\healthnet\src\tests\HealthNet.Tests\bin\Release\HealthNet.Tests.dll" total="116" errors="0" failures="0" not-run="0" inconclusive="0" ignored="0" skipped="0" invalid="0" date="2016-04-28" time="11:37:50">
  <environment nunit-version="2.6.4.14350" clr-version="2.0.50727.8689" os-version="Microsoft Windows NT 6.2.9200.0" platform="Win32NT" cwd="D:\Dev\healthnet" machine-name="EOS" user="Matt" user-domain="EOS" />
  <culture-info current-culture="en-GB" current-uiculture="en-US" />
  <test-suite type="Assembly" name="D:\Dev\healthnet\src\tests\HealthNet.Tests\bin\Release\HealthNet.Tests.dll" executed="True" result="Success" success="True" time="3.406" asserts="0">
    <results>
      <test-suite type="Namespace" name="HealthNet" executed="True" result="Success" success="True" time="3.401" asserts="0">
        <results>
          <test-suite type="Namespace" name="HealthCheckServiceFixtures" executed="True" result="Success" success="True" time="1.547" asserts="0">
            <results>
              <test-suite type="TestFixture" name="When_getting_the_status_and_a_system_check_overruns" executed="True" result="Success" success="True" time="1.307" asserts="0">
                <results>
                  <test-case name="HealthNet.HealthCheckServiceFixtures.When_getting_the_status_and_a_system_check_overruns.Hanging_system_checker_result_is_returned" executed="True" result="Success" success="True" time="0.067" asserts="0" />
                  <test-case name="HealthNet.HealthCheckServiceFixtures.When_getting_the_status_and_a_system_check_overruns.Healthy_system_checker_result_is_returned" executed="True" result="Success" success="True" time="0.001" asserts="0" />
                  <test-case name="HealthNet.HealthCheckServiceFixtures.When_getting_the_status_and_a_system_check_overruns.Overall_health_is_Serious" executed="True" result="Success" success="True" time="0.000" asserts="0" />
                </results>
              </test-suite>
              <test-suite type="TestFixture" name="When_getting_the_status_of_a_healthy_application" executed="True" result="Success" success="True" time="0.087" asserts="0">
                <results>
                  <test-case name="HealthNet.HealthCheckServiceFixtures.When_getting_the_status_of_a_healthy_application.All_system_states_are_Good" executed="True" result="Success" success="True" time="0.065" asserts="0" />
                  <test-case name="HealthNet.HealthCheckServiceFixtures.When_getting_the_status_of_a_healthy_application.HealthCheckServiceFixtureBase.Date_and_time_of_the_check_should_be_returned" executed="True" result="Success" success="True" time="0.002" asserts="0" />
                  <test-case name="HealthNet.HealthCheckServiceFixtures.When_getting_the_status_of_a_healthy_application.HealthCheckServiceFixtureBase.Host_name_should_be_returned" executed="True" result="Success" success="True" time="0.002" asserts="0" />
                  <test-case name="HealthNet.HealthCheckServiceFixtures.When_getting_the_status_of_a_healthy_application.HealthCheckServiceFixtureBase.Should_return_time_taken_to_check_each_system" executed="True" result="Success" success="True" time="0.002" asserts="0" />
                  <test-case name="HealthNet.HealthCheckServiceFixtures.When_getting_the_status_of_a_healthy_application.HealthCheckServiceFixtureBase.Should_return_total_time_taken_to_perform_health_check" executed="True" result="Success" success="True" time="0.000" asserts="0" />
                  <test-case name="HealthNet.HealthCheckServiceFixtures.When_getting_the_status_of_a_healthy_application.HealthCheckServiceFixtureBase.Version_of_service" executed="True" result="Success" success="True" time="0.000" asserts="0" />
                  <test-case name="HealthNet.HealthCheckServiceFixtures.When_getting_the_status_of_a_healthy_application.Overall_health_is_Good" executed="True" result="Success" success="True" time="0.000" asserts="0" />
                </results>
              </test-suite>
              <test-suite type="TestFixture" name="When_getting_the_status_of_an_application_with_a_critical_non_vital_system" executed="True" result="Success" success="True" time="0.015" asserts="0">
                <results>
                  <test-case name="HealthNet.HealthCheckServiceFixtures.When_getting_the_status_of_an_application_with_a_critical_non_vital_system.HealthCheckServiceFixtureBase.Date_and_time_of_the_check_should_be_returned" executed="True" result="Success" success="True" time="0.000" asserts="0" />
                  <test-case name="HealthNet.HealthCheckServiceFixtures.When_getting_the_status_of_an_application_with_a_critical_non_vital_system.HealthCheckServiceFixtureBase.Host_name_should_be_returned" executed="True" result="Success" success="True" time="0.000" asserts="0" />
                  <test-case name="HealthNet.HealthCheckServiceFixtures.When_getting_the_status_of_an_application_with_a_critical_non_vital_system.HealthCheckServiceFixtureBase.Should_return_time_taken_to_check_each_system" executed="True" result="Success" success="True" time="0.000" asserts="0" />
                  <test-case name="HealthNet.HealthCheckServiceFixtures.When_getting_the_status_of_an_application_with_a_critical_non_vital_system.HealthCheckServiceFixtureBase.Should_return_total_time_taken_to_perform_health_check" executed="True" result="Success" success="True" time="0.000" asserts="0" />
                  <test-case name="HealthNet.HealthCheckServiceFixtures.When_getting_the_status_of_an_application_with_a_critical_non_vital_system.HealthCheckServiceFixtureBase.Version_of_service" executed="True" result="Success" success="True" time="0.000" asserts="0" />
                  <test-case name="HealthNet.HealthCheckServiceFixtures.When_getting_the_status_of_an_application_with_a_critical_non_vital_system.Overall_health_is_Serious" executed="True" result="Success" success="True" time="0.000" asserts="0" />
                </results>
              </test-suite>
              <test-suite type="TestFixture" name="When_getting_the_status_of_an_application_with_a_critical_vital_system" executed="True" result="Success" success="True" time="0.015" asserts="0">
                <results>
                  <test-case name="HealthNet.HealthCheckServiceFixtures.When_getting_the_status_of_an_application_with_a_critical_vital_system.HealthCheckServiceFixtureBase.Date_and_time_of_the_check_should_be_returned" executed="True" result="Success" success="True" time="0.000" asserts="0" />
                  <test-case name="HealthNet.HealthCheckServiceFixtures.When_getting_the_status_of_an_application_with_a_critical_vital_system.HealthCheckServiceFixtureBase.Host_name_should_be_returned" executed="True" result="Success" success="True" time="0.000" asserts="0" />
                  <test-case name="HealthNet.HealthCheckServiceFixtures.When_getting_the_status_of_an_application_with_a_critical_vital_system.HealthCheckServiceFixtureBase.Should_return_time_taken_to_check_each_system" executed="True" result="Success" success="True" time="0.000" asserts="0" />
                  <test-case name="HealthNet.HealthCheckServiceFixtures.When_getting_the_status_of_an_application_with_a_critical_vital_system.HealthCheckServiceFixtureBase.Should_return_total_time_taken_to_perform_health_check" executed="True" result="Success" success="True" time="0.000" asserts="0" />
                  <test-case name="HealthNet.HealthCheckServiceFixtures.When_getting_the_status_of_an_application_with_a_critical_vital_system.HealthCheckServiceFixtureBase.Version_of_service" executed="True" result="Success" success="True" time="0.000" asserts="0" />
                  <test-case name="HealthNet.HealthCheckServiceFixtures.When_getting_the_status_of_an_application_with_a_critical_vital_system.Overall_health_is_Critical" executed="True" result="Success" success="True" time="0.000" asserts="0" />
                </results>
              </test-suite>
              <test-suite type="TestFixture" name="When_getting_the_sysetem_checker_returns_a_null" executed="True" result="Success" success="True" time="0.013" asserts="0">
                <results>
                  <test-case name="HealthNet.HealthCheckServiceFixtures.When_getting_the_sysetem_checker_returns_a_null.HealthCheckServiceFixtureBase.Date_and_time_of_the_check_should_be_returned" executed="True" result="Success" success="True" time="0.000" asserts="0" />
                  <test-case name="HealthNet.HealthCheckServiceFixtures.When_getting_the_sysetem_checker_returns_a_null.HealthCheckServiceFixtureBase.Host_name_should_be_returned" executed="True" result="Success" success="True" time="0.000" asserts="0" />
                  <test-case name="HealthNet.HealthCheckServiceFixtures.When_getting_the_sysetem_checker_returns_a_null.HealthCheckServiceFixtureBase.Should_return_time_taken_to_check_each_system" executed="True" result="Success" success="True" time="0.000" asserts="0" />
                  <test-case name="HealthNet.HealthCheckServiceFixtures.When_getting_the_sysetem_checker_returns_a_null.HealthCheckServiceFixtureBase.Should_return_total_time_taken_to_perform_health_check" executed="True" result="Success" success="True" time="0.000" asserts="0" />
                  <test-case name="HealthNet.HealthCheckServiceFixtures.When_getting_the_sysetem_checker_returns_a_null.HealthCheckServiceFixtureBase.Version_of_service" executed="True" result="Success" success="True" time="0.000" asserts="0" />
                  <test-case name="HealthNet.HealthCheckServiceFixtures.When_getting_the_sysetem_checker_returns_a_null.Overall_health_is_Goof" executed="True" result="Success" success="True" time="0.000" asserts="0" />
                </results>
              </test-suite>
              <test-suite type="TestFixture" name="When_performing_a_checkup_and_a_checker_throws_an_exception" executed="True" result="Success" success="True" time="0.045" asserts="0">
                <results>
                  <test-case name="HealthNet.HealthCheckServiceFixtures.When_performing_a_checkup_and_a_checker_throws_an_exception.All_checkers_should_still_be_called" executed="True" result="Success" success="True" time="0.001" asserts="0" />
                  <test-case name="HealthNet.HealthCheckServiceFixtures.When_performing_a_checkup_and_a_checker_throws_an_exception.Failing_system_result_is_retuned" executed="True" result="Success" success="True" time="0.017" asserts="0" />
                  <test-case name="HealthNet.HealthCheckServiceFixtures.When_performing_a_checkup_and_a_checker_throws_an_exception.HealthCheckServiceFixtureBase.Date_and_time_of_the_check_should_be_returned" executed="True" result="Success" success="True" time="0.000" asserts="0" />
                  <test-case name="HealthNet.HealthCheckServiceFixtures.When_performing_a_checkup_and_a_checker_throws_an_exception.HealthCheckServiceFixtureBase.Host_name_should_be_returned" executed="True" result="Success" success="True" time="0.000" asserts="0" />
                  <test-case name="HealthNet.HealthCheckServiceFixtures.When_performing_a_checkup_and_a_checker_throws_an_exception.HealthCheckServiceFixtureBase.Should_return_time_taken_to_check_each_system" executed="True" result="Success" success="True" time="0.000" asserts="0" />
                  <test-case name="HealthNet.HealthCheckServiceFixtures.When_performing_a_checkup_and_a_checker_throws_an_exception.HealthCheckServiceFixtureBase.Should_return_total_time_taken_to_perform_health_check" executed="True" result="Success" success="True" time="0.000" asserts="0" />
                  <test-case name="HealthNet.HealthCheckServiceFixtures.When_performing_a_checkup_and_a_checker_throws_an_exception.HealthCheckServiceFixtureBase.Version_of_service" executed="True" result="Success" success="True" time="0.000" asserts="0" />
                  <test-case name="HealthNet.HealthCheckServiceFixtures.When_performing_a_checkup_and_a_checker_throws_an_exception.Overall_health_is_Critical" executed="True" result="Success" success="True" time="0.000" asserts="0" />
                </results>
              </test-suite>
              <test-suite type="TestFixture" name="When_performing_an_intrusive_checkup_on_a_critical_system" executed="True" result="Success" success="True" time="0.028" asserts="0">
                <results>
                  <test-case name="HealthNet.HealthCheckServiceFixtures.When_performing_an_intrusive_checkup_on_a_critical_system.Has_a_system_with_a_Health_State_of_Undetermined" executed="True" result="Success" success="True" time="0.001" asserts="0" />
                  <test-case name="HealthNet.HealthCheckServiceFixtures.When_performing_an_intrusive_checkup_on_a_critical_system.HealthCheckServiceFixtureBase.Date_and_time_of_the_check_should_be_returned" executed="True" result="Success" success="True" time="0.000" asserts="0" />
                  <test-case name="HealthNet.HealthCheckServiceFixtures.When_performing_an_intrusive_checkup_on_a_critical_system.HealthCheckServiceFixtureBase.Host_name_should_be_returned" executed="True" result="Success" success="True" time="0.000" asserts="0" />
                  <test-case name="HealthNet.HealthCheckServiceFixtures.When_performing_an_intrusive_checkup_on_a_critical_system.HealthCheckServiceFixtureBase.Should_return_time_taken_to_check_each_system" executed="True" result="Success" success="True" time="0.000" asserts="0" />
                  <test-case name="HealthNet.HealthCheckServiceFixtures.When_performing_an_intrusive_checkup_on_a_critical_system.HealthCheckServiceFixtureBase.Should_return_total_time_taken_to_perform_health_check" executed="True" result="Success" success="True" time="0.000" asserts="0" />
                  <test-case name="HealthNet.HealthCheckServiceFixtures.When_performing_an_intrusive_checkup_on_a_critical_system.HealthCheckServiceFixtureBase.Version_of_service" executed="True" result="Success" success="True" time="0.000" asserts="0" />
                  <test-case name="HealthNet.HealthCheckServiceFixtures.When_performing_an_intrusive_checkup_on_a_critical_system.Intrusive_checker_was_never_called" executed="True" result="Success" success="True" time="0.008" asserts="0" />
                  <test-case name="HealthNet.HealthCheckServiceFixtures.When_performing_an_intrusive_checkup_on_a_critical_system.Overall_health_is_Critical" executed="True" result="Success" success="True" time="0.000" asserts="0" />
                </results>
              </test-suite>
              <test-suite type="TestFixture" name="When_performing_an_unobtrusive_checkup" executed="True" result="Success" success="True" time="0.027" asserts="0">
                <results>
                  <test-case name="HealthNet.HealthCheckServiceFixtures.When_performing_an_unobtrusive_checkup.Has_a_message_indicating_that_the_check_was_skipped_due_to_being_intrusive" executed="True" result="Success" success="True" time="0.002" asserts="0" />
                  <test-case name="HealthNet.HealthCheckServiceFixtures.When_performing_an_unobtrusive_checkup.Has_a_system_with_a_Health_State_of_Undetermined" executed="True" result="Success" success="True" time="0.001" asserts="0" />
                  <test-case name="HealthNet.HealthCheckServiceFixtures.When_performing_an_unobtrusive_checkup.HealthCheckServiceFixtureBase.Date_and_time_of_the_check_should_be_returned" executed="True" result="Success" success="True" time="0.000" asserts="0" />
                  <test-case name="HealthNet.HealthCheckServiceFixtures.When_performing_an_unobtrusive_checkup.HealthCheckServiceFixtureBase.Host_name_should_be_returned" executed="True" result="Success" success="True" time="0.000" asserts="0" />
                  <test-case name="HealthNet.HealthCheckServiceFixtures.When_performing_an_unobtrusive_checkup.HealthCheckServiceFixtureBase.Should_return_time_taken_to_check_each_system" executed="True" result="Success" success="True" time="0.000" asserts="0" />
                  <test-case name="HealthNet.HealthCheckServiceFixtures.When_performing_an_unobtrusive_checkup.HealthCheckServiceFixtureBase.Should_return_total_time_taken_to_perform_health_check" executed="True" result="Success" success="True" time="0.000" asserts="0" />
                  <test-case name="HealthNet.HealthCheckServiceFixtures.When_performing_an_unobtrusive_checkup.HealthCheckServiceFixtureBase.Version_of_service" executed="True" result="Success" success="True" time="0.000" asserts="0" />
                  <test-case name="HealthNet.HealthCheckServiceFixtures.When_performing_an_unobtrusive_checkup.Intrusive_checker_was_never_called" executed="True" result="Success" success="True" time="0.001" asserts="0" />
                  <test-case name="HealthNet.HealthCheckServiceFixtures.When_performing_an_unobtrusive_checkup.Overall_health_is_Good" executed="True" result="Success" success="True" time="0.001" asserts="0" />
                </results>
              </test-suite>
            </results>
          </test-suite>
          <test-suite type="Namespace" name="Integrations" executed="True" result="Success" success="True" time="1.803" asserts="0">
            <results>
              <test-suite type="GenericFixture" name="When_calling_application_with_a_non_healthcheck_call&lt;TFixtureRunner&gt;" executed="True" result="Success" success="True" time="1.256" asserts="0">
                <results>
                  <test-suite type="TestFixture" name="When_calling_application_with_a_non_healthcheck_call&lt;NancyFixturesRunner&gt;" executed="True" result="Success" success="True" time="1.062" asserts="0">
                    <results>
                      <test-case name="HealthNet.Integrations.When_calling_application_with_a_non_healthcheck_call&lt;NancyFixturesRunner&gt;.Should_return_content_from_non_healthcheck_call" executed="True" result="Success" success="True" time="0.000" asserts="0" />
                      <test-case name="HealthNet.Integrations.When_calling_application_with_a_non_healthcheck_call&lt;NancyFixturesRunner&gt;.Should_return_status_of_OK" executed="True" result="Success" success="True" time="0.000" asserts="0" />
                    </results>
                  </test-suite>
                  <test-suite type="TestFixture" name="When_calling_application_with_a_non_healthcheck_call&lt;OwinFixturesRunner&gt;" executed="True" result="Success" success="True" time="0.012" asserts="0">
                    <results>
                      <test-case name="HealthNet.Integrations.When_calling_application_with_a_non_healthcheck_call&lt;OwinFixturesRunner&gt;.Should_return_content_from_non_healthcheck_call" executed="True" result="Success" success="True" time="0.000" asserts="0" />
                      <test-case name="HealthNet.Integrations.When_calling_application_with_a_non_healthcheck_call&lt;OwinFixturesRunner&gt;.Should_return_status_of_OK" executed="True" result="Success" success="True" time="0.000" asserts="0" />
                    </results>
                  </test-suite>
                  <test-suite type="TestFixture" name="When_calling_application_with_a_non_healthcheck_call&lt;WebApiFixturesRunner&gt;" executed="True" result="Success" success="True" time="0.180" asserts="0">
                    <results>
                      <test-case name="HealthNet.Integrations.When_calling_application_with_a_non_healthcheck_call&lt;WebApiFixturesRunner&gt;.Should_return_content_from_non_healthcheck_call" executed="True" result="Success" success="True" time="0.000" asserts="0" />
                      <test-case name="HealthNet.Integrations.When_calling_application_with_a_non_healthcheck_call&lt;WebApiFixturesRunner&gt;.Should_return_status_of_OK" executed="True" result="Success" success="True" time="0.000" asserts="0" />
                    </results>
                  </test-suite>
                </results>
              </test-suite>
              <test-suite type="GenericFixture" name="When_getting_the_health_status_using_a_custom_url&lt;TFixtureRunner&gt;" executed="True" result="Success" success="True" time="0.371" asserts="0">
                <results>
                  <test-suite type="TestFixture" name="When_getting_the_health_status_using_a_custom_url&lt;NancyFixturesRunner&gt;" executed="True" result="Success" success="True" time="0.229" asserts="0">
                    <results>
                      <test-case name="HealthNet.Integrations.When_getting_the_health_status_using_a_custom_url&lt;NancyFixturesRunner&gt;.HealthCheckResponseFixturesBase`1.Should_have_json_content" executed="True" result="Success" success="True" time="0.001" asserts="0" />
                      <test-case name="HealthNet.Integrations.When_getting_the_health_status_using_a_custom_url&lt;NancyFixturesRunner&gt;.HealthCheckResponseFixturesBase`1.Should_return_health_check_result" executed="True" result="Success" success="True" time="0.001" asserts="0" />
                      <test-case name="HealthNet.Integrations.When_getting_the_health_status_using_a_custom_url&lt;NancyFixturesRunner&gt;.Should_return_status_of_OK" executed="True" result="Success" success="True" time="0.000" asserts="0" />
                    </results>
                  </test-suite>
                  <test-suite type="TestFixture" name="When_getting_the_health_status_using_a_custom_url&lt;OwinFixturesRunner&gt;" executed="True" result="Success" success="True" time="0.012" asserts="0">
                    <results>
                      <test-case name="HealthNet.Integrations.When_getting_the_health_status_using_a_custom_url&lt;OwinFixturesRunner&gt;.HealthCheckResponseFixturesBase`1.Should_have_json_content" executed="True" result="Success" success="True" time="0.000" asserts="0" />
                      <test-case name="HealthNet.Integrations.When_getting_the_health_status_using_a_custom_url&lt;OwinFixturesRunner&gt;.HealthCheckResponseFixturesBase`1.Should_return_health_check_result" executed="True" result="Success" success="True" time="0.000" asserts="0" />
                      <test-case name="HealthNet.Integrations.When_getting_the_health_status_using_a_custom_url&lt;OwinFixturesRunner&gt;.Should_return_status_of_OK" executed="True" result="Success" success="True" time="0.000" asserts="0" />
                    </results>
                  </test-suite>
                  <test-suite type="TestFixture" name="When_getting_the_health_status_using_a_custom_url&lt;WebApiFixturesRunner&gt;" executed="True" result="Success" success="True" time="0.127" asserts="0">
                    <results>
                      <test-case name="HealthNet.Integrations.When_getting_the_health_status_using_a_custom_url&lt;WebApiFixturesRunner&gt;.HealthCheckResponseFixturesBase`1.Should_have_json_content" executed="True" result="Success" success="True" time="0.000" asserts="0" />
                      <test-case name="HealthNet.Integrations.When_getting_the_health_status_using_a_custom_url&lt;WebApiFixturesRunner&gt;.HealthCheckResponseFixturesBase`1.Should_return_health_check_result" executed="True" result="Success" success="True" time="0.000" asserts="0" />
                      <test-case name="HealthNet.Integrations.When_getting_the_health_status_using_a_custom_url&lt;WebApiFixturesRunner&gt;.Should_return_status_of_OK" executed="True" result="Success" success="True" time="0.000" asserts="0" />
                    </results>
                  </test-suite>
                </results>
              </test-suite>
              <test-suite type="GenericFixture" name="When_getting_the_health_status&lt;TFixtureRunner&gt;" executed="True" result="Success" success="True" time="0.087" asserts="0">
                <results>
                  <test-suite type="TestFixture" name="When_getting_the_health_status&lt;NancyFixturesRunner&gt;" executed="True" result="Success" success="True" time="0.034" asserts="0">
                    <results>
                      <test-case name="HealthNet.Integrations.When_getting_the_health_status&lt;NancyFixturesRunner&gt;.HealthCheckResponseFixturesBase`1.Should_have_json_content" executed="True" result="Success" success="True" time="0.000" asserts="0" />
                      <test-case name="HealthNet.Integrations.When_getting_the_health_status&lt;NancyFixturesRunner&gt;.HealthCheckResponseFixturesBase`1.Should_return_health_check_result" executed="True" result="Success" success="True" time="0.000" asserts="0" />
                      <test-case name="HealthNet.Integrations.When_getting_the_health_status&lt;NancyFixturesRunner&gt;.Should_have_host_name" executed="True" result="Success" success="True" time="0.000" asserts="0" />
                      <test-case name="HealthNet.Integrations.When_getting_the_health_status&lt;NancyFixturesRunner&gt;.Should_not_call_the_intrusive_checker" executed="True" result="Success" success="True" time="0.000" asserts="0" />
                      <test-case name="HealthNet.Integrations.When_getting_the_health_status&lt;NancyFixturesRunner&gt;.Should_not_return_json_with_null_values" executed="True" result="Success" success="True" time="0.001" asserts="0" />
                      <test-case name="HealthNet.Integrations.When_getting_the_health_status&lt;NancyFixturesRunner&gt;.Should_return_camlecase_json" executed="True" result="Success" success="True" time="0.000" asserts="0" />
                      <test-case name="HealthNet.Integrations.When_getting_the_health_status&lt;NancyFixturesRunner&gt;.Should_return_enum_string_values" executed="True" result="Success" success="True" time="0.000" asserts="0" />
                      <test-case name="HealthNet.Integrations.When_getting_the_health_status&lt;NancyFixturesRunner&gt;.Should_return_non_formatted_json" executed="True" result="Success" success="True" time="0.001" asserts="0" />
                      <test-case name="HealthNet.Integrations.When_getting_the_health_status&lt;NancyFixturesRunner&gt;.Should_return_status_Ok" executed="True" result="Success" success="True" time="0.000" asserts="0" />
                    </results>
                  </test-suite>
                  <test-suite type="TestFixture" name="When_getting_the_health_status&lt;OwinFixturesRunner&gt;" executed="True" result="Success" success="True" time="0.021" asserts="0">
                    <results>
                      <test-case name="HealthNet.Integrations.When_getting_the_health_status&lt;OwinFixturesRunner&gt;.HealthCheckResponseFixturesBase`1.Should_have_json_content" executed="True" result="Success" success="True" time="0.000" asserts="0" />
                      <test-case name="HealthNet.Integrations.When_getting_the_health_status&lt;OwinFixturesRunner&gt;.HealthCheckResponseFixturesBase`1.Should_return_health_check_result" executed="True" result="Success" success="True" time="0.000" asserts="0" />
                      <test-case name="HealthNet.Integrations.When_getting_the_health_status&lt;OwinFixturesRunner&gt;.Should_have_host_name" executed="True" result="Success" success="True" time="0.000" asserts="0" />
                      <test-case name="HealthNet.Integrations.When_getting_the_health_status&lt;OwinFixturesRunner&gt;.Should_not_call_the_intrusive_checker" executed="True" result="Success" success="True" time="0.000" asserts="0" />
                      <test-case name="HealthNet.Integrations.When_getting_the_health_status&lt;OwinFixturesRunner&gt;.Should_not_return_json_with_null_values" executed="True" result="Success" success="True" time="0.000" asserts="0" />
                      <test-case name="HealthNet.Integrations.When_getting_the_health_status&lt;OwinFixturesRunner&gt;.Should_return_camlecase_json" executed="True" result="Success" success="True" time="0.000" asserts="0" />
                      <test-case name="HealthNet.Integrations.When_getting_the_health_status&lt;OwinFixturesRunner&gt;.Should_return_enum_string_values" executed="True" result="Success" success="True" time="0.000" asserts="0" />
                      <test-case name="HealthNet.Integrations.When_getting_the_health_status&lt;OwinFixturesRunner&gt;.Should_return_non_formatted_json" executed="True" result="Success" success="True" time="0.000" asserts="0" />
                      <test-case name="HealthNet.Integrations.When_getting_the_health_status&lt;OwinFixturesRunner&gt;.Should_return_status_Ok" executed="True" result="Success" success="True" time="0.000" asserts="0" />
                    </results>
                  </test-suite>
                  <test-suite type="TestFixture" name="When_getting_the_health_status&lt;WebApiFixturesRunner&gt;" executed="True" result="Success" success="True" time="0.021" asserts="0">
                    <results>
                      <test-case name="HealthNet.Integrations.When_getting_the_health_status&lt;WebApiFixturesRunner&gt;.HealthCheckResponseFixturesBase`1.Should_have_json_content" executed="True" result="Success" success="True" time="0.000" asserts="0" />
                      <test-case name="HealthNet.Integrations.When_getting_the_health_status&lt;WebApiFixturesRunner&gt;.HealthCheckResponseFixturesBase`1.Should_return_health_check_result" executed="True" result="Success" success="True" time="0.000" asserts="0" />
                      <test-case name="HealthNet.Integrations.When_getting_the_health_status&lt;WebApiFixturesRunner&gt;.Should_have_host_name" executed="True" result="Success" success="True" time="0.000" asserts="0" />
                      <test-case name="HealthNet.Integrations.When_getting_the_health_status&lt;WebApiFixturesRunner&gt;.Should_not_call_the_intrusive_checker" executed="True" result="Success" success="True" time="0.000" asserts="0" />
                      <test-case name="HealthNet.Integrations.When_getting_the_health_status&lt;WebApiFixturesRunner&gt;.Should_not_return_json_with_null_values" executed="True" result="Success" success="True" time="0.000" asserts="0" />
                      <test-case name="HealthNet.Integrations.When_getting_the_health_status&lt;WebApiFixturesRunner&gt;.Should_return_camlecase_json" executed="True" result="Success" success="True" time="0.000" asserts="0" />
                      <test-case name="HealthNet.Integrations.When_getting_the_health_status&lt;WebApiFixturesRunner&gt;.Should_return_enum_string_values" executed="True" result="Success" success="True" time="0.000" asserts="0" />
                      <test-case name="HealthNet.Integrations.When_getting_the_health_status&lt;WebApiFixturesRunner&gt;.Should_return_non_formatted_json" executed="True" result="Success" success="True" time="0.000" asserts="0" />
                      <test-case name="HealthNet.Integrations.When_getting_the_health_status&lt;WebApiFixturesRunner&gt;.Should_return_status_Ok" executed="True" result="Success" success="True" time="0.000" asserts="0" />
                    </results>
                  </test-suite>
                </results>
              </test-suite>
              <test-suite type="GenericFixture" name="When_performing_an_intrusive_health_check&lt;TFixtureRunner&gt;" executed="True" result="Success" success="True" time="0.081" asserts="0">
                <results>
                  <test-suite type="TestFixture" name="When_performing_an_intrusive_health_check&lt;NancyFixturesRunner&gt;" executed="True" result="Success" success="True" time="0.029" asserts="0">
                    <results>
                      <test-case name="HealthNet.Integrations.When_performing_an_intrusive_health_check&lt;NancyFixturesRunner&gt;.HealthCheckResponseFixturesBase`1.Should_have_json_content" executed="True" result="Success" success="True" time="0.000" asserts="0" />
                      <test-case name="HealthNet.Integrations.When_performing_an_intrusive_health_check&lt;NancyFixturesRunner&gt;.HealthCheckResponseFixturesBase`1.Should_return_health_check_result" executed="True" result="Success" success="True" time="0.000" asserts="0" />
                      <test-case name="HealthNet.Integrations.When_performing_an_intrusive_health_check&lt;NancyFixturesRunner&gt;.Should_call_the_intrusive_checker" executed="True" result="Success" success="True" time="0.000" asserts="0" />
                      <test-case name="HealthNet.Integrations.When_performing_an_intrusive_health_check&lt;NancyFixturesRunner&gt;.Should_return_status_Ok" executed="True" result="Success" success="True" time="0.000" asserts="0" />
                    </results>
                  </test-suite>
                  <test-suite type="TestFixture" name="When_performing_an_intrusive_health_check&lt;OwinFixturesRunner&gt;" executed="True" result="Success" success="True" time="0.010" asserts="0">
                    <results>
                      <test-case name="HealthNet.Integrations.When_performing_an_intrusive_health_check&lt;OwinFixturesRunner&gt;.HealthCheckResponseFixturesBase`1.Should_have_json_content" executed="True" result="Success" success="True" time="0.000" asserts="0" />
                      <test-case name="HealthNet.Integrations.When_performing_an_intrusive_health_check&lt;OwinFixturesRunner&gt;.HealthCheckResponseFixturesBase`1.Should_return_health_check_result" executed="True" result="Success" success="True" time="0.000" asserts="0" />
                      <test-case name="HealthNet.Integrations.When_performing_an_intrusive_health_check&lt;OwinFixturesRunner&gt;.Should_call_the_intrusive_checker" executed="True" result="Success" success="True" time="0.000" asserts="0" />
                      <test-case name="HealthNet.Integrations.When_performing_an_intrusive_health_check&lt;OwinFixturesRunner&gt;.Should_return_status_Ok" executed="True" result="Success" success="True" time="0.000" asserts="0" />
                    </results>
                  </test-suite>
                  <test-suite type="TestFixture" name="When_performing_an_intrusive_health_check&lt;WebApiFixturesRunner&gt;" executed="True" result="Success" success="True" time="0.038" asserts="0">
                    <results>
                      <test-case name="HealthNet.Integrations.When_performing_an_intrusive_health_check&lt;WebApiFixturesRunner&gt;.HealthCheckResponseFixturesBase`1.Should_have_json_content" executed="True" result="Success" success="True" time="0.000" asserts="0" />
                      <test-case name="HealthNet.Integrations.When_performing_an_intrusive_health_check&lt;WebApiFixturesRunner&gt;.HealthCheckResponseFixturesBase`1.Should_return_health_check_result" executed="True" result="Success" success="True" time="0.000" asserts="0" />
                      <test-case name="HealthNet.Integrations.When_performing_an_intrusive_health_check&lt;WebApiFixturesRunner&gt;.Should_call_the_intrusive_checker" executed="True" result="Success" success="True" time="0.000" asserts="0" />
                      <test-case name="HealthNet.Integrations.When_performing_an_intrusive_health_check&lt;WebApiFixturesRunner&gt;.Should_return_status_Ok" executed="True" result="Success" success="True" time="0.000" asserts="0" />
                    </results>
                  </test-suite>
                </results>
              </test-suite>
            </results>
          </test-suite>
          <test-suite type="Namespace" name="SystemCheckerBaseFixtures" executed="True" result="Success" success="True" time="0.037" asserts="0">
            <results>
              <test-suite type="TestFixture" name="When_checking_a_healthy_system" executed="True" result="Success" success="True" time="0.027" asserts="0">
                <results>
                  <test-case name="HealthNet.SystemCheckerBaseFixtures.When_checking_a_healthy_system.Defaults_to_non_intrusive_checker" executed="True" result="Success" success="True" time="0.020" asserts="0" />
                  <test-case name="HealthNet.SystemCheckerBaseFixtures.When_checking_a_healthy_system.Defaults_to_vital_system" executed="True" result="Success" success="True" time="0.001" asserts="0" />
                  <test-case name="HealthNet.SystemCheckerBaseFixtures.When_checking_a_healthy_system.No_error_results_in_a_good_health_result" executed="True" result="Success" success="True" time="0.000" asserts="0" />
                  <test-case name="HealthNet.SystemCheckerBaseFixtures.When_checking_a_healthy_system.System_name_is_derived_from_the_checker_class_name" executed="True" result="Success" success="True" time="0.000" asserts="0" />
                </results>
              </test-suite>
              <test-suite type="TestFixture" name="When_checking_an_unhealthy_system" executed="True" result="Success" success="True" time="0.009" asserts="0">
                <results>
                  <test-case name="HealthNet.SystemCheckerBaseFixtures.When_checking_an_unhealthy_system.Defaults_to_non_intrusive_checker" executed="True" result="Success" success="True" time="0.001" asserts="0" />
                  <test-case name="HealthNet.SystemCheckerBaseFixtures.When_checking_an_unhealthy_system.Defaults_to_vital_system" executed="True" result="Success" success="True" time="0.001" asserts="0" />
                  <test-case name="HealthNet.SystemCheckerBaseFixtures.When_checking_an_unhealthy_system.Error_message_returned_in_result_message" executed="True" result="Success" success="True" time="0.001" asserts="0" />
                  <test-case name="HealthNet.SystemCheckerBaseFixtures.When_checking_an_unhealthy_system.Error_results_in_a_critical_health_state" executed="True" result="Success" success="True" time="0.000" asserts="0" />
                  <test-case name="HealthNet.SystemCheckerBaseFixtures.When_checking_an_unhealthy_system.System_name_is_derived_from_the_checker_class_name" executed="True" result="Success" success="True" time="0.000" asserts="0" />
                </results>
              </test-suite>
            </results>
          </test-suite>
        </results>
      </test-suite>
    </results>
  </test-suite>
</test-results>